I, [2016-12-19T14:53:23.351697 #12826]  INFO -- delete-nis-users-centos-7: -----> Converging <delete-nis-users-centos-7>...
I, [2016-12-19T14:53:23.352258 #12826]  INFO -- delete-nis-users-centos-7: Preparing files for transfer
I, [2016-12-19T14:53:23.352306 #12826]  INFO -- delete-nis-users-centos-7: Preparing modules
I, [2016-12-19T14:53:23.358145 #12826]  INFO -- delete-nis-users-centos-7: Preparing manifests
I, [2016-12-19T14:53:23.358471 #12826]  INFO -- delete-nis-users-centos-7: Preparing files
I, [2016-12-19T14:53:23.358613 #12826]  INFO -- delete-nis-users-centos-7: nothing to do for files
I, [2016-12-19T14:53:23.358826 #12826]  INFO -- delete-nis-users-centos-7: Preparing spec files
I, [2016-12-19T14:53:23.451272 #12826]  INFO -- delete-nis-users-centos-7: Finished Preparing files for transfer
I, [2016-12-19T14:53:23.451547 #12826]  INFO -- delete-nis-users-centos-7: Installing puppet from yum on centos
I, [2016-12-19T14:53:24.025600 #12826]  INFO -- delete-nis-users-centos-7: Transferring files to <delete-nis-users-centos-7>
E, [2016-12-19T14:53:50.449628 #12826] ERROR -- delete-nis-users-centos-7: Converge failed on instance <delete-nis-users-centos-7>.
E, [2016-12-19T14:53:50.449708 #12826] ERROR -- delete-nis-users-centos-7: ------Exception-------
E, [2016-12-19T14:53:50.449724 #12826] ERROR -- delete-nis-users-centos-7: Class: Errno::ENAMETOOLONG
E, [2016-12-19T14:53:50.449734 #12826] ERROR -- delete-nis-users-centos-7: Message: File name too long @ rb_file_s_stat - /var/folders/54/1svw01r93bz32rjjh2ytkgc40000gn/T/delete-nis-users-centos-7-sandbox-20161219-12826-20vgrq/spec/fixtures/modules/system_users/spec/fixtures/modules/system_users/spec/fixtures/modules/system_users/spec/fixtures/modules/system_users/spec/fixtures/modules/system_users/spec/fixtures/modules/system_users/spec/fixtures/modules/system_users/spec/fixtures/modules/system_users/spec/fixtures/modules/system_users/spec/fixtures/modules/system_users/spec/fixtures/modules/system_users/spec/fixtures/modules/system_users/spec/fixtures/modules/system_users/spec/fixtures/modules/system_users/spec/fixtures/modules/system_users/spec/fixtures/modules/system_users/spec/fixtures/modules/system_users/spec/fixtures/modules/system_users/spec/fixtures/modules/system_users/spec/fixtures/modules/system_users/spec/fixtures/modules/system_users/spec/fixtures/modules/system_users/spec/fixtures/modules/system_users/spec/fixtures/modules/system_users/spec/fixtures/modules/stdlib/lib/puppet/functions/validate_absolute_path.rb
E, [2016-12-19T14:53:50.449744 #12826] ERROR -- delete-nis-users-centos-7: ----------------------
E, [2016-12-19T14:53:50.449753 #12826] ERROR -- delete-nis-users-centos-7: ------Backtrace-------
E, [2016-12-19T14:53:50.449761 #12826] ERROR -- delete-nis-users-centos-7: /Users/geoff/.rbenv/versions/2.2.2/lib/ruby/gems/2.2.0/gems/net-scp-1.2.1/lib/net/scp/upload.rb:117:in `stat'
E, [2016-12-19T14:53:50.449770 #12826] ERROR -- delete-nis-users-centos-7: /Users/geoff/.rbenv/versions/2.2.2/lib/ruby/gems/2.2.0/gems/net-scp-1.2.1/lib/net/scp/upload.rb:117:in `set_current'
E, [2016-12-19T14:53:50.449779 #12826] ERROR -- delete-nis-users-centos-7: /Users/geoff/.rbenv/versions/2.2.2/lib/ruby/gems/2.2.0/gems/net-scp-1.2.1/lib/net/scp/upload.rb:103:in `next_item_state'
E, [2016-12-19T14:53:50.449788 #12826] ERROR -- delete-nis-users-centos-7: /Users/geoff/.rbenv/versions/2.2.2/lib/ruby/gems/2.2.0/gems/net-scp-1.2.1/lib/net/scp.rb:400:in `await_response_state'
E, [2016-12-19T14:53:50.449797 #12826] ERROR -- delete-nis-users-centos-7: /Users/geoff/.rbenv/versions/2.2.2/lib/ruby/gems/2.2.0/gems/net-scp-1.2.1/lib/net/scp.rb:369:in `block (3 levels) in start_command'
E, [2016-12-19T14:53:50.449805 #12826] ERROR -- delete-nis-users-centos-7: /Users/geoff/.rbenv/versions/2.2.2/lib/ruby/gems/2.2.0/gems/net-ssh-3.2.0/lib/net/ssh/connection/channel.rb:320:in `call'
E, [2016-12-19T14:53:50.449824 #12826] ERROR -- delete-nis-users-centos-7: /Users/geoff/.rbenv/versions/2.2.2/lib/ruby/gems/2.2.0/gems/net-ssh-3.2.0/lib/net/ssh/connection/channel.rb:320:in `process'
E, [2016-12-19T14:53:50.449833 #12826] ERROR -- delete-nis-users-centos-7: /Users/geoff/.rbenv/versions/2.2.2/lib/ruby/gems/2.2.0/gems/net-ssh-3.2.0/lib/net/ssh/connection/session.rb:226:in `block in preprocess'
E, [2016-12-19T14:53:50.449848 #12826] ERROR -- delete-nis-users-centos-7: /Users/geoff/.rbenv/versions/2.2.2/lib/ruby/gems/2.2.0/gems/net-ssh-3.2.0/lib/net/ssh/connection/session.rb:226:in `each'
E, [2016-12-19T14:53:50.449858 #12826] ERROR -- delete-nis-users-centos-7: /Users/geoff/.rbenv/versions/2.2.2/lib/ruby/gems/2.2.0/gems/net-ssh-3.2.0/lib/net/ssh/connection/session.rb:226:in `preprocess'
E, [2016-12-19T14:53:50.449867 #12826] ERROR -- delete-nis-users-centos-7: /Users/geoff/.rbenv/versions/2.2.2/lib/ruby/gems/2.2.0/gems/net-ssh-3.2.0/lib/net/ssh/connection/session.rb:206:in `process'
E, [2016-12-19T14:53:50.449875 #12826] ERROR -- delete-nis-users-centos-7: /Users/geoff/.rbenv/versions/2.2.2/lib/ruby/gems/2.2.0/gems/net-ssh-3.2.0/lib/net/ssh/connection/session.rb:170:in `block in loop'
E, [2016-12-19T14:53:50.449884 #12826] ERROR -- delete-nis-users-centos-7: /Users/geoff/.rbenv/versions/2.2.2/lib/ruby/gems/2.2.0/gems/net-ssh-3.2.0/lib/net/ssh/connection/session.rb:170:in `loop'
E, [2016-12-19T14:53:50.449892 #12826] ERROR -- delete-nis-users-centos-7: /Users/geoff/.rbenv/versions/2.2.2/lib/ruby/gems/2.2.0/gems/net-ssh-3.2.0/lib/net/ssh/connection/session.rb:170:in `loop'
E, [2016-12-19T14:53:50.449900 #12826] ERROR -- delete-nis-users-centos-7: /Users/geoff/.rbenv/versions/2.2.2/lib/ruby/gems/2.2.0/gems/net-ssh-3.2.0/lib/net/ssh/connection/channel.rb:269:in `wait'
E, [2016-12-19T14:53:50.449909 #12826] ERROR -- delete-nis-users-centos-7: /Users/geoff/.rbenv/versions/2.2.2/lib/ruby/gems/2.2.0/gems/test-kitchen-1.14.2/lib/kitchen/transport/ssh.rb:170:in `each'
E, [2016-12-19T14:53:50.449917 #12826] ERROR -- delete-nis-users-centos-7: /Users/geoff/.rbenv/versions/2.2.2/lib/ruby/gems/2.2.0/gems/test-kitchen-1.14.2/lib/kitchen/transport/ssh.rb:170:in `block in upload'
E, [2016-12-19T14:53:50.449926 #12826] ERROR -- delete-nis-users-centos-7: /Users/geoff/.rbenv/versions/2.2.2/lib/ruby/2.2.0/benchmark.rb:288:in `measure'
E, [2016-12-19T14:53:50.449940 #12826] ERROR -- delete-nis-users-centos-7: /Users/geoff/.rbenv/versions/2.2.2/lib/ruby/gems/2.2.0/gems/test-kitchen-1.14.2/lib/kitchen/transport/ssh.rb:160:in `upload'
E, [2016-12-19T14:53:50.449948 #12826] ERROR -- delete-nis-users-centos-7: /Users/geoff/.rbenv/versions/2.2.2/lib/ruby/gems/2.2.0/gems/test-kitchen-1.14.2/lib/kitchen/provisioner/base.rb:72:in `block in call'
E, [2016-12-19T14:53:50.449957 #12826] ERROR -- delete-nis-users-centos-7: /Users/geoff/.rbenv/versions/2.2.2/lib/ruby/gems/2.2.0/gems/test-kitchen-1.14.2/lib/kitchen/transport/base.rb:89:in `initialize'
E, [2016-12-19T14:53:50.449965 #12826] ERROR -- delete-nis-users-centos-7: /Users/geoff/.rbenv/versions/2.2.2/lib/ruby/gems/2.2.0/gems/test-kitchen-1.14.2/lib/kitchen/transport/ssh.rb:435:in `new'
E, [2016-12-19T14:53:50.449974 #12826] ERROR -- delete-nis-users-centos-7: /Users/geoff/.rbenv/versions/2.2.2/lib/ruby/gems/2.2.0/gems/test-kitchen-1.14.2/lib/kitchen/transport/ssh.rb:435:in `create_new_connection'
E, [2016-12-19T14:53:50.449992 #12826] ERROR -- delete-nis-users-centos-7: /Users/geoff/.rbenv/versions/2.2.2/lib/ruby/gems/2.2.0/gems/test-kitchen-1.14.2/lib/kitchen/transport/ssh.rb:90:in `connection'
E, [2016-12-19T14:53:50.450000 #12826] ERROR -- delete-nis-users-centos-7: /Users/geoff/.rbenv/versions/2.2.2/lib/ruby/gems/2.2.0/gems/test-kitchen-1.14.2/lib/kitchen/provisioner/base.rb:68:in `call'
E, [2016-12-19T14:53:50.450009 #12826] ERROR -- delete-nis-users-centos-7: /Users/geoff/.rbenv/versions/2.2.2/lib/ruby/gems/2.2.0/gems/test-kitchen-1.14.2/lib/kitchen/instance.rb:384:in `block in converge_action'
E, [2016-12-19T14:53:50.450017 #12826] ERROR -- delete-nis-users-centos-7: /Users/geoff/.rbenv/versions/2.2.2/lib/ruby/gems/2.2.0/gems/test-kitchen-1.14.2/lib/kitchen/instance.rb:527:in `synchronize_or_call'
E, [2016-12-19T14:53:50.450026 #12826] ERROR -- delete-nis-users-centos-7: /Users/geoff/.rbenv/versions/2.2.2/lib/ruby/gems/2.2.0/gems/test-kitchen-1.14.2/lib/kitchen/instance.rb:489:in `block in action'
E, [2016-12-19T14:53:50.450038 #12826] ERROR -- delete-nis-users-centos-7: /Users/geoff/.rbenv/versions/2.2.2/lib/ruby/2.2.0/benchmark.rb:288:in `measure'
E, [2016-12-19T14:53:50.450048 #12826] ERROR -- delete-nis-users-centos-7: /Users/geoff/.rbenv/versions/2.2.2/lib/ruby/gems/2.2.0/gems/test-kitchen-1.14.2/lib/kitchen/instance.rb:488:in `action'
E, [2016-12-19T14:53:50.450056 #12826] ERROR -- delete-nis-users-centos-7: /Users/geoff/.rbenv/versions/2.2.2/lib/ruby/gems/2.2.0/gems/test-kitchen-1.14.2/lib/kitchen/instance.rb:380:in `converge_action'
E, [2016-12-19T14:53:50.450064 #12826] ERROR -- delete-nis-users-centos-7: /Users/geoff/.rbenv/versions/2.2.2/lib/ruby/gems/2.2.0/gems/test-kitchen-1.14.2/lib/kitchen/instance.rb:359:in `block in transition_to'
E, [2016-12-19T14:53:50.450073 #12826] ERROR -- delete-nis-users-centos-7: /Users/geoff/.rbenv/versions/2.2.2/lib/ruby/gems/2.2.0/gems/test-kitchen-1.14.2/lib/kitchen/instance.rb:358:in `each'
E, [2016-12-19T14:53:50.450081 #12826] ERROR -- delete-nis-users-centos-7: /Users/geoff/.rbenv/versions/2.2.2/lib/ruby/gems/2.2.0/gems/test-kitchen-1.14.2/lib/kitchen/instance.rb:358:in `transition_to'
E, [2016-12-19T14:53:50.450089 #12826] ERROR -- delete-nis-users-centos-7: /Users/geoff/.rbenv/versions/2.2.2/lib/ruby/gems/2.2.0/gems/test-kitchen-1.14.2/lib/kitchen/instance.rb:135:in `converge'
E, [2016-12-19T14:53:50.450105 #12826] ERROR -- delete-nis-users-centos-7: /Users/geoff/.rbenv/versions/2.2.2/lib/ruby/gems/2.2.0/gems/test-kitchen-1.14.2/lib/kitchen/command.rb:197:in `public_send'
E, [2016-12-19T14:53:50.450114 #12826] ERROR -- delete-nis-users-centos-7: /Users/geoff/.rbenv/versions/2.2.2/lib/ruby/gems/2.2.0/gems/test-kitchen-1.14.2/lib/kitchen/command.rb:197:in `run_action_in_thread'
E, [2016-12-19T14:53:50.450122 #12826] ERROR -- delete-nis-users-centos-7: /Users/geoff/.rbenv/versions/2.2.2/lib/ruby/gems/2.2.0/gems/test-kitchen-1.14.2/lib/kitchen/command.rb:169:in `block (2 levels) in run_action'
E, [2016-12-19T14:53:50.450131 #12826] ERROR -- delete-nis-users-centos-7: ----End Backtrace-----
