I, [2016-12-19T14:53:23.293528 #12826]  INFO -- Kitchen: -----> Starting Kitchen (v1.14.2)
I, [2016-12-19T14:53:23.351627 #12826]  INFO -- Kitchen: -----> Converging <delete-nis-users-centos-7>...
E, [2016-12-19T14:53:50.451399 #12826] ERROR -- Kitchen: ------Exception-------
E, [2016-12-19T14:53:50.451424 #12826] ERROR -- Kitchen: Class: Kitchen::ActionFailed
E, [2016-12-19T14:53:50.451438 #12826] ERROR -- Kitchen: Message: 1 actions failed.
>>>>>>     Failed to complete #converge action: [File name too long @ rb_file_s_stat - /var/folders/54/1svw01r93bz32rjjh2ytkgc40000gn/T/delete-nis-users-centos-7-sandbox-20161219-12826-20vgrq/spec/fixtures/modules/system_users/spec/fixtures/modules/system_users/spec/fixtures/modules/system_users/spec/fixtures/modules/system_users/spec/fixtures/modules/system_users/spec/fixtures/modules/system_users/spec/fixtures/modules/system_users/spec/fixtures/modules/system_users/spec/fixtures/modules/system_users/spec/fixtures/modules/system_users/spec/fixtures/modules/system_users/spec/fixtures/modules/system_users/spec/fixtures/modules/system_users/spec/fixtures/modules/system_users/spec/fixtures/modules/system_users/spec/fixtures/modules/system_users/spec/fixtures/modules/system_users/spec/fixtures/modules/system_users/spec/fixtures/modules/system_users/spec/fixtures/modules/system_users/spec/fixtures/modules/system_users/spec/fixtures/modules/system_users/spec/fixtures/modules/system_users/spec/fixtures/modules/system_users/spec/fixtures/modules/stdlib/lib/puppet/functions/validate_absolute_path.rb] on delete-nis-users-centos-7
E, [2016-12-19T14:53:50.451449 #12826] ERROR -- Kitchen: ----------------------
E, [2016-12-19T14:53:50.451459 #12826] ERROR -- Kitchen: ------Backtrace-------
E, [2016-12-19T14:53:50.451469 #12826] ERROR -- Kitchen: /Users/geoff/.rbenv/versions/2.2.2/lib/ruby/gems/2.2.0/gems/test-kitchen-1.14.2/lib/kitchen/command.rb:183:in `report_errors'
E, [2016-12-19T14:53:50.451479 #12826] ERROR -- Kitchen: /Users/geoff/.rbenv/versions/2.2.2/lib/ruby/gems/2.2.0/gems/test-kitchen-1.14.2/lib/kitchen/command.rb:174:in `run_action'
E, [2016-12-19T14:53:50.451489 #12826] ERROR -- Kitchen: /Users/geoff/.rbenv/versions/2.2.2/lib/ruby/gems/2.2.0/gems/test-kitchen-1.14.2/lib/kitchen/command/action.rb:36:in `block in call'
E, [2016-12-19T14:53:50.451510 #12826] ERROR -- Kitchen: /Users/geoff/.rbenv/versions/2.2.2/lib/ruby/2.2.0/benchmark.rb:288:in `measure'
E, [2016-12-19T14:53:50.451520 #12826] ERROR -- Kitchen: /Users/geoff/.rbenv/versions/2.2.2/lib/ruby/gems/2.2.0/gems/test-kitchen-1.14.2/lib/kitchen/command/action.rb:34:in `call'
E, [2016-12-19T14:53:50.451531 #12826] ERROR -- Kitchen: /Users/geoff/.rbenv/versions/2.2.2/lib/ruby/gems/2.2.0/gems/test-kitchen-1.14.2/lib/kitchen/cli.rb:53:in `perform'
E, [2016-12-19T14:53:50.451540 #12826] ERROR -- Kitchen: /Users/geoff/.rbenv/versions/2.2.2/lib/ruby/gems/2.2.0/gems/test-kitchen-1.14.2/lib/kitchen/cli.rb:187:in `block (2 levels) in <class:CLI>'
E, [2016-12-19T14:53:50.451550 #12826] ERROR -- Kitchen: /Users/geoff/.rbenv/versions/2.2.2/lib/ruby/gems/2.2.0/gems/thor-0.19.0/lib/thor/command.rb:27:in `run'
E, [2016-12-19T14:53:50.451560 #12826] ERROR -- Kitchen: /Users/geoff/.rbenv/versions/2.2.2/lib/ruby/gems/2.2.0/gems/thor-0.19.0/lib/thor/invocation.rb:126:in `invoke_command'
E, [2016-12-19T14:53:50.451570 #12826] ERROR -- Kitchen: /Users/geoff/.rbenv/versions/2.2.2/lib/ruby/gems/2.2.0/gems/test-kitchen-1.14.2/lib/kitchen/cli.rb:334:in `invoke_task'
E, [2016-12-19T14:53:50.451580 #12826] ERROR -- Kitchen: /Users/geoff/.rbenv/versions/2.2.2/lib/ruby/gems/2.2.0/gems/thor-0.19.0/lib/thor.rb:359:in `dispatch'
E, [2016-12-19T14:53:50.451590 #12826] ERROR -- Kitchen: /Users/geoff/.rbenv/versions/2.2.2/lib/ruby/gems/2.2.0/gems/thor-0.19.0/lib/thor/base.rb:440:in `start'
E, [2016-12-19T14:53:50.451600 #12826] ERROR -- Kitchen: /Users/geoff/.rbenv/versions/2.2.2/lib/ruby/gems/2.2.0/gems/test-kitchen-1.14.2/bin/kitchen:13:in `block in <top (required)>'
E, [2016-12-19T14:53:50.451610 #12826] ERROR -- Kitchen: /Users/geoff/.rbenv/versions/2.2.2/lib/ruby/gems/2.2.0/gems/test-kitchen-1.14.2/lib/kitchen/errors.rb:171:in `with_friendly_errors'
E, [2016-12-19T14:53:50.451627 #12826] ERROR -- Kitchen: /Users/geoff/.rbenv/versions/2.2.2/lib/ruby/gems/2.2.0/gems/test-kitchen-1.14.2/bin/kitchen:13:in `<top (required)>'
E, [2016-12-19T14:53:50.451656 #12826] ERROR -- Kitchen: /Users/geoff/.rbenv/versions/2.2.2/bin/kitchen:23:in `load'
E, [2016-12-19T14:53:50.451667 #12826] ERROR -- Kitchen: /Users/geoff/.rbenv/versions/2.2.2/bin/kitchen:23:in `<top (required)>'
E, [2016-12-19T14:53:50.451677 #12826] ERROR -- Kitchen: /Users/geoff/.rbenv/versions/2.2.2/lib/ruby/gems/2.2.0/gems/bundler-1.12.5/lib/bundler/cli/exec.rb:63:in `load'
E, [2016-12-19T14:53:50.451686 #12826] ERROR -- Kitchen: /Users/geoff/.rbenv/versions/2.2.2/lib/ruby/gems/2.2.0/gems/bundler-1.12.5/lib/bundler/cli/exec.rb:63:in `kernel_load'
E, [2016-12-19T14:53:50.451696 #12826] ERROR -- Kitchen: /Users/geoff/.rbenv/versions/2.2.2/lib/ruby/gems/2.2.0/gems/bundler-1.12.5/lib/bundler/cli/exec.rb:24:in `run'
E, [2016-12-19T14:53:50.451705 #12826] ERROR -- Kitchen: /Users/geoff/.rbenv/versions/2.2.2/lib/ruby/gems/2.2.0/gems/bundler-1.12.5/lib/bundler/cli.rb:304:in `exec'
E, [2016-12-19T14:53:50.451715 #12826] ERROR -- Kitchen: /Users/geoff/.rbenv/versions/2.2.2/lib/ruby/gems/2.2.0/gems/bundler-1.12.5/lib/bundler/vendor/thor/lib/thor/command.rb:27:in `run'
E, [2016-12-19T14:53:50.451724 #12826] ERROR -- Kitchen: /Users/geoff/.rbenv/versions/2.2.2/lib/ruby/gems/2.2.0/gems/bundler-1.12.5/lib/bundler/vendor/thor/lib/thor/invocation.rb:126:in `invoke_command'
E, [2016-12-19T14:53:50.451734 #12826] ERROR -- Kitchen: /Users/geoff/.rbenv/versions/2.2.2/lib/ruby/gems/2.2.0/gems/bundler-1.12.5/lib/bundler/vendor/thor/lib/thor.rb:359:in `dispatch'
E, [2016-12-19T14:53:50.451743 #12826] ERROR -- Kitchen: /Users/geoff/.rbenv/versions/2.2.2/lib/ruby/gems/2.2.0/gems/bundler-1.12.5/lib/bundler/vendor/thor/lib/thor/base.rb:440:in `start'
E, [2016-12-19T14:53:50.451753 #12826] ERROR -- Kitchen: /Users/geoff/.rbenv/versions/2.2.2/lib/ruby/gems/2.2.0/gems/bundler-1.12.5/lib/bundler/cli.rb:11:in `start'
E, [2016-12-19T14:53:50.451762 #12826] ERROR -- Kitchen: /Users/geoff/.rbenv/versions/2.2.2/lib/ruby/gems/2.2.0/gems/bundler-1.12.5/exe/bundle:27:in `block in <top (required)>'
E, [2016-12-19T14:53:50.451772 #12826] ERROR -- Kitchen: /Users/geoff/.rbenv/versions/2.2.2/lib/ruby/gems/2.2.0/gems/bundler-1.12.5/lib/bundler/friendly_errors.rb:98:in `with_friendly_errors'
E, [2016-12-19T14:53:50.451781 #12826] ERROR -- Kitchen: /Users/geoff/.rbenv/versions/2.2.2/lib/ruby/gems/2.2.0/gems/bundler-1.12.5/exe/bundle:19:in `<top (required)>'
E, [2016-12-19T14:53:50.451791 #12826] ERROR -- Kitchen: /Users/geoff/.rbenv/versions/2.2.2/bin/bundle:23:in `load'
E, [2016-12-19T14:53:50.451800 #12826] ERROR -- Kitchen: /Users/geoff/.rbenv/versions/2.2.2/bin/bundle:23:in `<main>'
E, [2016-12-19T14:53:50.451809 #12826] ERROR -- Kitchen: ----End Backtrace-----
E, [2016-12-19T14:53:50.451818 #12826] ERROR -- Kitchen: -Composite Exception--
E, [2016-12-19T14:53:50.451827 #12826] ERROR -- Kitchen: Class: Kitchen::ActionFailed
E, [2016-12-19T14:53:50.451837 #12826] ERROR -- Kitchen: Message: Failed to complete #converge action: [File name too long @ rb_file_s_stat - /var/folders/54/1svw01r93bz32rjjh2ytkgc40000gn/T/delete-nis-users-centos-7-sandbox-20161219-12826-20vgrq/spec/fixtures/modules/system_users/spec/fixtures/modules/system_users/spec/fixtures/modules/system_users/spec/fixtures/modules/system_users/spec/fixtures/modules/system_users/spec/fixtures/modules/system_users/spec/fixtures/modules/system_users/spec/fixtures/modules/system_users/spec/fixtures/modules/system_users/spec/fixtures/modules/system_users/spec/fixtures/modules/system_users/spec/fixtures/modules/system_users/spec/fixtures/modules/system_users/spec/fixtures/modules/system_users/spec/fixtures/modules/system_users/spec/fixtures/modules/system_users/spec/fixtures/modules/system_users/spec/fixtures/modules/system_users/spec/fixtures/modules/system_users/spec/fixtures/modules/system_users/spec/fixtures/modules/system_users/spec/fixtures/modules/system_users/spec/fixtures/modules/system_users/spec/fixtures/modules/system_users/spec/fixtures/modules/stdlib/lib/puppet/functions/validate_absolute_path.rb] on delete-nis-users-centos-7
E, [2016-12-19T14:53:50.451851 #12826] ERROR -- Kitchen: ----------------------
E, [2016-12-19T14:53:50.451862 #12826] ERROR -- Kitchen: ------Backtrace-------
E, [2016-12-19T14:53:50.451871 #12826] ERROR -- Kitchen: /Users/geoff/.rbenv/versions/2.2.2/lib/ruby/gems/2.2.0/gems/net-scp-1.2.1/lib/net/scp/upload.rb:117:in `stat'
E, [2016-12-19T14:53:50.451881 #12826] ERROR -- Kitchen: /Users/geoff/.rbenv/versions/2.2.2/lib/ruby/gems/2.2.0/gems/net-scp-1.2.1/lib/net/scp/upload.rb:117:in `set_current'
E, [2016-12-19T14:53:50.451902 #12826] ERROR -- Kitchen: /Users/geoff/.rbenv/versions/2.2.2/lib/ruby/gems/2.2.0/gems/net-scp-1.2.1/lib/net/scp/upload.rb:103:in `next_item_state'
E, [2016-12-19T14:53:50.451913 #12826] ERROR -- Kitchen: /Users/geoff/.rbenv/versions/2.2.2/lib/ruby/gems/2.2.0/gems/net-scp-1.2.1/lib/net/scp.rb:400:in `await_response_state'
E, [2016-12-19T14:53:50.451923 #12826] ERROR -- Kitchen: /Users/geoff/.rbenv/versions/2.2.2/lib/ruby/gems/2.2.0/gems/net-scp-1.2.1/lib/net/scp.rb:369:in `block (3 levels) in start_command'
E, [2016-12-19T14:53:50.451932 #12826] ERROR -- Kitchen: /Users/geoff/.rbenv/versions/2.2.2/lib/ruby/gems/2.2.0/gems/net-ssh-3.2.0/lib/net/ssh/connection/channel.rb:320:in `call'
E, [2016-12-19T14:53:50.451942 #12826] ERROR -- Kitchen: /Users/geoff/.rbenv/versions/2.2.2/lib/ruby/gems/2.2.0/gems/net-ssh-3.2.0/lib/net/ssh/connection/channel.rb:320:in `process'
E, [2016-12-19T14:53:50.451951 #12826] ERROR -- Kitchen: /Users/geoff/.rbenv/versions/2.2.2/lib/ruby/gems/2.2.0/gems/net-ssh-3.2.0/lib/net/ssh/connection/session.rb:226:in `block in preprocess'
E, [2016-12-19T14:53:50.451961 #12826] ERROR -- Kitchen: /Users/geoff/.rbenv/versions/2.2.2/lib/ruby/gems/2.2.0/gems/net-ssh-3.2.0/lib/net/ssh/connection/session.rb:226:in `each'
E, [2016-12-19T14:53:50.451971 #12826] ERROR -- Kitchen: /Users/geoff/.rbenv/versions/2.2.2/lib/ruby/gems/2.2.0/gems/net-ssh-3.2.0/lib/net/ssh/connection/session.rb:226:in `preprocess'
E, [2016-12-19T14:53:50.451980 #12826] ERROR -- Kitchen: /Users/geoff/.rbenv/versions/2.2.2/lib/ruby/gems/2.2.0/gems/net-ssh-3.2.0/lib/net/ssh/connection/session.rb:206:in `process'
E, [2016-12-19T14:53:50.451990 #12826] ERROR -- Kitchen: /Users/geoff/.rbenv/versions/2.2.2/lib/ruby/gems/2.2.0/gems/net-ssh-3.2.0/lib/net/ssh/connection/session.rb:170:in `block in loop'
E, [2016-12-19T14:53:50.451999 #12826] ERROR -- Kitchen: /Users/geoff/.rbenv/versions/2.2.2/lib/ruby/gems/2.2.0/gems/net-ssh-3.2.0/lib/net/ssh/connection/session.rb:170:in `loop'
E, [2016-12-19T14:53:50.452008 #12826] ERROR -- Kitchen: /Users/geoff/.rbenv/versions/2.2.2/lib/ruby/gems/2.2.0/gems/net-ssh-3.2.0/lib/net/ssh/connection/session.rb:170:in `loop'
E, [2016-12-19T14:53:50.452020 #12826] ERROR -- Kitchen: /Users/geoff/.rbenv/versions/2.2.2/lib/ruby/gems/2.2.0/gems/net-ssh-3.2.0/lib/net/ssh/connection/channel.rb:269:in `wait'
E, [2016-12-19T14:53:50.452030 #12826] ERROR -- Kitchen: /Users/geoff/.rbenv/versions/2.2.2/lib/ruby/gems/2.2.0/gems/test-kitchen-1.14.2/lib/kitchen/transport/ssh.rb:170:in `each'
E, [2016-12-19T14:53:50.452040 #12826] ERROR -- Kitchen: /Users/geoff/.rbenv/versions/2.2.2/lib/ruby/gems/2.2.0/gems/test-kitchen-1.14.2/lib/kitchen/transport/ssh.rb:170:in `block in upload'
E, [2016-12-19T14:53:50.452056 #12826] ERROR -- Kitchen: /Users/geoff/.rbenv/versions/2.2.2/lib/ruby/2.2.0/benchmark.rb:288:in `measure'
E, [2016-12-19T14:53:50.452066 #12826] ERROR -- Kitchen: /Users/geoff/.rbenv/versions/2.2.2/lib/ruby/gems/2.2.0/gems/test-kitchen-1.14.2/lib/kitchen/transport/ssh.rb:160:in `upload'
E, [2016-12-19T14:53:50.452075 #12826] ERROR -- Kitchen: /Users/geoff/.rbenv/versions/2.2.2/lib/ruby/gems/2.2.0/gems/test-kitchen-1.14.2/lib/kitchen/provisioner/base.rb:72:in `block in call'
E, [2016-12-19T14:53:50.452085 #12826] ERROR -- Kitchen: /Users/geoff/.rbenv/versions/2.2.2/lib/ruby/gems/2.2.0/gems/test-kitchen-1.14.2/lib/kitchen/transport/base.rb:89:in `initialize'
E, [2016-12-19T14:53:50.452098 #12826] ERROR -- Kitchen: /Users/geoff/.rbenv/versions/2.2.2/lib/ruby/gems/2.2.0/gems/test-kitchen-1.14.2/lib/kitchen/transport/ssh.rb:435:in `new'
E, [2016-12-19T14:53:50.452109 #12826] ERROR -- Kitchen: /Users/geoff/.rbenv/versions/2.2.2/lib/ruby/gems/2.2.0/gems/test-kitchen-1.14.2/lib/kitchen/transport/ssh.rb:435:in `create_new_connection'
E, [2016-12-19T14:53:50.452126 #12826] ERROR -- Kitchen: /Users/geoff/.rbenv/versions/2.2.2/lib/ruby/gems/2.2.0/gems/test-kitchen-1.14.2/lib/kitchen/transport/ssh.rb:90:in `connection'
E, [2016-12-19T14:53:50.452138 #12826] ERROR -- Kitchen: /Users/geoff/.rbenv/versions/2.2.2/lib/ruby/gems/2.2.0/gems/test-kitchen-1.14.2/lib/kitchen/provisioner/base.rb:68:in `call'
E, [2016-12-19T14:53:50.452149 #12826] ERROR -- Kitchen: /Users/geoff/.rbenv/versions/2.2.2/lib/ruby/gems/2.2.0/gems/test-kitchen-1.14.2/lib/kitchen/instance.rb:384:in `block in converge_action'
E, [2016-12-19T14:53:50.452160 #12826] ERROR -- Kitchen: /Users/geoff/.rbenv/versions/2.2.2/lib/ruby/gems/2.2.0/gems/test-kitchen-1.14.2/lib/kitchen/instance.rb:527:in `synchronize_or_call'
E, [2016-12-19T14:53:50.452172 #12826] ERROR -- Kitchen: /Users/geoff/.rbenv/versions/2.2.2/lib/ruby/gems/2.2.0/gems/test-kitchen-1.14.2/lib/kitchen/instance.rb:489:in `block in action'
E, [2016-12-19T14:53:50.452182 #12826] ERROR -- Kitchen: /Users/geoff/.rbenv/versions/2.2.2/lib/ruby/2.2.0/benchmark.rb:288:in `measure'
E, [2016-12-19T14:53:50.452193 #12826] ERROR -- Kitchen: /Users/geoff/.rbenv/versions/2.2.2/lib/ruby/gems/2.2.0/gems/test-kitchen-1.14.2/lib/kitchen/instance.rb:488:in `action'
E, [2016-12-19T14:53:50.452213 #12826] ERROR -- Kitchen: /Users/geoff/.rbenv/versions/2.2.2/lib/ruby/gems/2.2.0/gems/test-kitchen-1.14.2/lib/kitchen/instance.rb:380:in `converge_action'
E, [2016-12-19T14:53:50.452224 #12826] ERROR -- Kitchen: /Users/geoff/.rbenv/versions/2.2.2/lib/ruby/gems/2.2.0/gems/test-kitchen-1.14.2/lib/kitchen/instance.rb:359:in `block in transition_to'
E, [2016-12-19T14:53:50.452235 #12826] ERROR -- Kitchen: /Users/geoff/.rbenv/versions/2.2.2/lib/ruby/gems/2.2.0/gems/test-kitchen-1.14.2/lib/kitchen/instance.rb:358:in `each'
E, [2016-12-19T14:53:50.452246 #12826] ERROR -- Kitchen: /Users/geoff/.rbenv/versions/2.2.2/lib/ruby/gems/2.2.0/gems/test-kitchen-1.14.2/lib/kitchen/instance.rb:358:in `transition_to'
E, [2016-12-19T14:53:50.452257 #12826] ERROR -- Kitchen: /Users/geoff/.rbenv/versions/2.2.2/lib/ruby/gems/2.2.0/gems/test-kitchen-1.14.2/lib/kitchen/instance.rb:135:in `converge'
E, [2016-12-19T14:53:50.452267 #12826] ERROR -- Kitchen: /Users/geoff/.rbenv/versions/2.2.2/lib/ruby/gems/2.2.0/gems/test-kitchen-1.14.2/lib/kitchen/command.rb:197:in `public_send'
E, [2016-12-19T14:53:50.452278 #12826] ERROR -- Kitchen: /Users/geoff/.rbenv/versions/2.2.2/lib/ruby/gems/2.2.0/gems/test-kitchen-1.14.2/lib/kitchen/command.rb:197:in `run_action_in_thread'
E, [2016-12-19T14:53:50.452288 #12826] ERROR -- Kitchen: /Users/geoff/.rbenv/versions/2.2.2/lib/ruby/gems/2.2.0/gems/test-kitchen-1.14.2/lib/kitchen/command.rb:169:in `block (2 levels) in run_action'
E, [2016-12-19T14:53:50.452299 #12826] ERROR -- Kitchen: ----End Backtrace-----
E, [2016-12-19T14:53:50.452309 #12826] ERROR -- Kitchen: ---Nested Exception---
E, [2016-12-19T14:53:50.452319 #12826] ERROR -- Kitchen: Class: Kitchen::ActionFailed
E, [2016-12-19T14:53:50.452330 #12826] ERROR -- Kitchen: Message: Failed to complete #converge action: [File name too long @ rb_file_s_stat - /var/folders/54/1svw01r93bz32rjjh2ytkgc40000gn/T/delete-nis-users-centos-7-sandbox-20161219-12826-20vgrq/spec/fixtures/modules/system_users/spec/fixtures/modules/system_users/spec/fixtures/modules/system_users/spec/fixtures/modules/system_users/spec/fixtures/modules/system_users/spec/fixtures/modules/system_users/spec/fixtures/modules/system_users/spec/fixtures/modules/system_users/spec/fixtures/modules/system_users/spec/fixtures/modules/system_users/spec/fixtures/modules/system_users/spec/fixtures/modules/system_users/spec/fixtures/modules/system_users/spec/fixtures/modules/system_users/spec/fixtures/modules/system_users/spec/fixtures/modules/system_users/spec/fixtures/modules/system_users/spec/fixtures/modules/system_users/spec/fixtures/modules/system_users/spec/fixtures/modules/system_users/spec/fixtures/modules/system_users/spec/fixtures/modules/system_users/spec/fixtures/modules/system_users/spec/fixtures/modules/system_users/spec/fixtures/modules/stdlib/lib/puppet/functions/validate_absolute_path.rb]
E, [2016-12-19T14:53:50.452358 #12826] ERROR -- Kitchen: ----------------------
E, [2016-12-19T14:53:50.452370 #12826] ERROR -- Kitchen: ------Backtrace-------
E, [2016-12-19T14:53:50.452380 #12826] ERROR -- Kitchen: /Users/geoff/.rbenv/versions/2.2.2/lib/ruby/gems/2.2.0/gems/net-scp-1.2.1/lib/net/scp/upload.rb:117:in `stat'
E, [2016-12-19T14:53:50.452391 #12826] ERROR -- Kitchen: /Users/geoff/.rbenv/versions/2.2.2/lib/ruby/gems/2.2.0/gems/net-scp-1.2.1/lib/net/scp/upload.rb:117:in `set_current'
E, [2016-12-19T14:53:50.452401 #12826] ERROR -- Kitchen: /Users/geoff/.rbenv/versions/2.2.2/lib/ruby/gems/2.2.0/gems/net-scp-1.2.1/lib/net/scp/upload.rb:103:in `next_item_state'
E, [2016-12-19T14:53:50.452412 #12826] ERROR -- Kitchen: /Users/geoff/.rbenv/versions/2.2.2/lib/ruby/gems/2.2.0/gems/net-scp-1.2.1/lib/net/scp.rb:400:in `await_response_state'
E, [2016-12-19T14:53:50.452422 #12826] ERROR -- Kitchen: /Users/geoff/.rbenv/versions/2.2.2/lib/ruby/gems/2.2.0/gems/net-scp-1.2.1/lib/net/scp.rb:369:in `block (3 levels) in start_command'
E, [2016-12-19T14:53:50.452433 #12826] ERROR -- Kitchen: /Users/geoff/.rbenv/versions/2.2.2/lib/ruby/gems/2.2.0/gems/net-ssh-3.2.0/lib/net/ssh/connection/channel.rb:320:in `call'
E, [2016-12-19T14:53:50.452443 #12826] ERROR -- Kitchen: /Users/geoff/.rbenv/versions/2.2.2/lib/ruby/gems/2.2.0/gems/net-ssh-3.2.0/lib/net/ssh/connection/channel.rb:320:in `process'
E, [2016-12-19T14:53:50.452453 #12826] ERROR -- Kitchen: /Users/geoff/.rbenv/versions/2.2.2/lib/ruby/gems/2.2.0/gems/net-ssh-3.2.0/lib/net/ssh/connection/session.rb:226:in `block in preprocess'
E, [2016-12-19T14:53:50.452464 #12826] ERROR -- Kitchen: /Users/geoff/.rbenv/versions/2.2.2/lib/ruby/gems/2.2.0/gems/net-ssh-3.2.0/lib/net/ssh/connection/session.rb:226:in `each'
E, [2016-12-19T14:53:50.452474 #12826] ERROR -- Kitchen: /Users/geoff/.rbenv/versions/2.2.2/lib/ruby/gems/2.2.0/gems/net-ssh-3.2.0/lib/net/ssh/connection/session.rb:226:in `preprocess'
E, [2016-12-19T14:53:50.452484 #12826] ERROR -- Kitchen: /Users/geoff/.rbenv/versions/2.2.2/lib/ruby/gems/2.2.0/gems/net-ssh-3.2.0/lib/net/ssh/connection/session.rb:206:in `process'
E, [2016-12-19T14:53:50.452494 #12826] ERROR -- Kitchen: /Users/geoff/.rbenv/versions/2.2.2/lib/ruby/gems/2.2.0/gems/net-ssh-3.2.0/lib/net/ssh/connection/session.rb:170:in `block in loop'
E, [2016-12-19T14:53:50.452511 #12826] ERROR -- Kitchen: /Users/geoff/.rbenv/versions/2.2.2/lib/ruby/gems/2.2.0/gems/net-ssh-3.2.0/lib/net/ssh/connection/session.rb:170:in `loop'
E, [2016-12-19T14:53:50.452522 #12826] ERROR -- Kitchen: /Users/geoff/.rbenv/versions/2.2.2/lib/ruby/gems/2.2.0/gems/net-ssh-3.2.0/lib/net/ssh/connection/session.rb:170:in `loop'
E, [2016-12-19T14:53:50.452533 #12826] ERROR -- Kitchen: /Users/geoff/.rbenv/versions/2.2.2/lib/ruby/gems/2.2.0/gems/net-ssh-3.2.0/lib/net/ssh/connection/channel.rb:269:in `wait'
E, [2016-12-19T14:53:50.452544 #12826] ERROR -- Kitchen: /Users/geoff/.rbenv/versions/2.2.2/lib/ruby/gems/2.2.0/gems/test-kitchen-1.14.2/lib/kitchen/transport/ssh.rb:170:in `each'
E, [2016-12-19T14:53:50.452554 #12826] ERROR -- Kitchen: /Users/geoff/.rbenv/versions/2.2.2/lib/ruby/gems/2.2.0/gems/test-kitchen-1.14.2/lib/kitchen/transport/ssh.rb:170:in `block in upload'
E, [2016-12-19T14:53:50.452565 #12826] ERROR -- Kitchen: /Users/geoff/.rbenv/versions/2.2.2/lib/ruby/2.2.0/benchmark.rb:288:in `measure'
E, [2016-12-19T14:53:50.452575 #12826] ERROR -- Kitchen: /Users/geoff/.rbenv/versions/2.2.2/lib/ruby/gems/2.2.0/gems/test-kitchen-1.14.2/lib/kitchen/transport/ssh.rb:160:in `upload'
E, [2016-12-19T14:53:50.452595 #12826] ERROR -- Kitchen: /Users/geoff/.rbenv/versions/2.2.2/lib/ruby/gems/2.2.0/gems/test-kitchen-1.14.2/lib/kitchen/provisioner/base.rb:72:in `block in call'
E, [2016-12-19T14:53:50.452610 #12826] ERROR -- Kitchen: /Users/geoff/.rbenv/versions/2.2.2/lib/ruby/gems/2.2.0/gems/test-kitchen-1.14.2/lib/kitchen/transport/base.rb:89:in `initialize'
E, [2016-12-19T14:53:50.452621 #12826] ERROR -- Kitchen: /Users/geoff/.rbenv/versions/2.2.2/lib/ruby/gems/2.2.0/gems/test-kitchen-1.14.2/lib/kitchen/transport/ssh.rb:435:in `new'
E, [2016-12-19T14:53:50.452632 #12826] ERROR -- Kitchen: /Users/geoff/.rbenv/versions/2.2.2/lib/ruby/gems/2.2.0/gems/test-kitchen-1.14.2/lib/kitchen/transport/ssh.rb:435:in `create_new_connection'
E, [2016-12-19T14:53:50.452642 #12826] ERROR -- Kitchen: /Users/geoff/.rbenv/versions/2.2.2/lib/ruby/gems/2.2.0/gems/test-kitchen-1.14.2/lib/kitchen/transport/ssh.rb:90:in `connection'
E, [2016-12-19T14:53:50.452652 #12826] ERROR -- Kitchen: /Users/geoff/.rbenv/versions/2.2.2/lib/ruby/gems/2.2.0/gems/test-kitchen-1.14.2/lib/kitchen/provisioner/base.rb:68:in `call'
E, [2016-12-19T14:53:50.452662 #12826] ERROR -- Kitchen: /Users/geoff/.rbenv/versions/2.2.2/lib/ruby/gems/2.2.0/gems/test-kitchen-1.14.2/lib/kitchen/instance.rb:384:in `block in converge_action'
E, [2016-12-19T14:53:50.452673 #12826] ERROR -- Kitchen: /Users/geoff/.rbenv/versions/2.2.2/lib/ruby/gems/2.2.0/gems/test-kitchen-1.14.2/lib/kitchen/instance.rb:527:in `synchronize_or_call'
E, [2016-12-19T14:53:50.452683 #12826] ERROR -- Kitchen: /Users/geoff/.rbenv/versions/2.2.2/lib/ruby/gems/2.2.0/gems/test-kitchen-1.14.2/lib/kitchen/instance.rb:489:in `block in action'
E, [2016-12-19T14:53:50.452693 #12826] ERROR -- Kitchen: /Users/geoff/.rbenv/versions/2.2.2/lib/ruby/2.2.0/benchmark.rb:288:in `measure'
E, [2016-12-19T14:53:50.452711 #12826] ERROR -- Kitchen: /Users/geoff/.rbenv/versions/2.2.2/lib/ruby/gems/2.2.0/gems/test-kitchen-1.14.2/lib/kitchen/instance.rb:488:in `action'
E, [2016-12-19T14:53:50.452721 #12826] ERROR -- Kitchen: /Users/geoff/.rbenv/versions/2.2.2/lib/ruby/gems/2.2.0/gems/test-kitchen-1.14.2/lib/kitchen/instance.rb:380:in `converge_action'
E, [2016-12-19T14:53:50.452732 #12826] ERROR -- Kitchen: /Users/geoff/.rbenv/versions/2.2.2/lib/ruby/gems/2.2.0/gems/test-kitchen-1.14.2/lib/kitchen/instance.rb:359:in `block in transition_to'
E, [2016-12-19T14:53:50.452742 #12826] ERROR -- Kitchen: /Users/geoff/.rbenv/versions/2.2.2/lib/ruby/gems/2.2.0/gems/test-kitchen-1.14.2/lib/kitchen/instance.rb:358:in `each'
E, [2016-12-19T14:53:50.452752 #12826] ERROR -- Kitchen: /Users/geoff/.rbenv/versions/2.2.2/lib/ruby/gems/2.2.0/gems/test-kitchen-1.14.2/lib/kitchen/instance.rb:358:in `transition_to'
E, [2016-12-19T14:53:50.452763 #12826] ERROR -- Kitchen: /Users/geoff/.rbenv/versions/2.2.2/lib/ruby/gems/2.2.0/gems/test-kitchen-1.14.2/lib/kitchen/instance.rb:135:in `converge'
E, [2016-12-19T14:53:50.452773 #12826] ERROR -- Kitchen: /Users/geoff/.rbenv/versions/2.2.2/lib/ruby/gems/2.2.0/gems/test-kitchen-1.14.2/lib/kitchen/command.rb:197:in `public_send'
E, [2016-12-19T14:53:50.452790 #12826] ERROR -- Kitchen: /Users/geoff/.rbenv/versions/2.2.2/lib/ruby/gems/2.2.0/gems/test-kitchen-1.14.2/lib/kitchen/command.rb:197:in `run_action_in_thread'
E, [2016-12-19T14:53:50.452801 #12826] ERROR -- Kitchen: /Users/geoff/.rbenv/versions/2.2.2/lib/ruby/gems/2.2.0/gems/test-kitchen-1.14.2/lib/kitchen/command.rb:169:in `block (2 levels) in run_action'
E, [2016-12-19T14:53:50.452812 #12826] ERROR -- Kitchen: ----End Backtrace-----
